0 info it worked if it ends with ok
1 verbose cli [ 'C:\\Program Files (x86)\\nodejs\\node.exe',
1 verbose cli   'C:\\Program Files (x86)\\nodejs\\node_modules\\npm\\bin\\npm-cli.js',
1 verbose cli   'run',
1 verbose cli   'version:minor' ]
2 info using npm@3.10.10
3 info using node@v6.9.5
4 verbose run-script [ 'preversion:minor', 'version:minor', 'postversion:minor' ]
5 info lifecycle helloworld@1.0.1~preversion:minor: helloworld@1.0.1
6 silly lifecycle helloworld@1.0.1~preversion:minor: no script for preversion:minor, continuing
7 info lifecycle helloworld@1.0.1~version:minor: helloworld@1.0.1
8 verbose lifecycle helloworld@1.0.1~version:minor: unsafe-perm in lifecycle true
9 verbose lifecycle helloworld@1.0.1~version:minor: PATH: C:\Program Files (x86)\nodejs\node_modules\npm\bin\node-gyp-bin;D:\nodeapp\node_modules\.bin;D:\01_distr\cmder\bin;D:\01_distr\cmder\vendor\conemu-maximus5\ConEmu\Scripts;D:\01_distr\cmder\vendor\conemu-maximus5;D:\01_distr\cmder\vendor\conemu-maximus5\ConEmu;C:\Program Files (x86)\Intel\iCLS Client\;C:\Program Files\Intel\iCLS Client\;C:\windows\system32;C:\windows;C:\windows\System32\Wbem;C:\windows\System32\WindowsPowerShell\v1.0\;C:\Program Files (x86)\NVIDIA Corporation\PhysX\Common;C:\WINDOWS\system32;C:\WINDOWS;C:\WINDOWS\System32\Wbem;C:\WINDOWS\System32\WindowsPowerShell\v1.0\;C:\Program Files\Intel\WiFi\bin\;C:\Program Files\Common Files\Intel\WirelessCommon\;C:\Program Files (x86)\Intel\Intel(R) Management Engine Components\DAL;C:\Program Files\Intel\Intel(R) Management Engine Components\DAL;C:\Program Files (x86)\Intel\Intel(R) Management Engine Components\IPT;C:\Program Files\Intel\Intel(R) Management Engine Components\IPT;C:\Program Files (x86)\Skype\Phone\;C:\Program Files\Microsoft SQL Server\120\Tools\Binn\;C:\Program Files\Microsoft SQL Server\130\Tools\Binn\;C:\Program Files\Git\cmd;C:\Program Files (x86)\Windows Kits\10\Windows Performance Toolkit\;C:\Program Files\dotnet\;C:\Program Files (x86)\Microsoft SQL Server\110\DTS\Binn\;C:\Program Files (x86)\Microsoft SQL Server\120\DTS\Binn\;C:\Program Files (x86)\Microsoft SQL Server\130\DTS\Binn\;C:\Program Files\Microsoft\Web Platform Installer\;C:\Program Files (x86)\nodejs\;C:\Users\Azamat\AppData\Local\Microsoft\WindowsApps;C:\Program Files (x86)\Microsoft VS Code\bin;C:\Users\Azamat\AppData\Roaming\npm;D:\01_distr\cmder
10 verbose lifecycle helloworld@1.0.1~version:minor: CWD: D:\nodeapp
11 silly lifecycle helloworld@1.0.1~version:minor: Args: [ '/d /s /c', 'npm version minor' ]
12 silly lifecycle helloworld@1.0.1~version:minor: Returned: code: 1  signal: null
13 info lifecycle helloworld@1.0.1~version:minor: Failed to exec version:minor script
14 verbose stack Error: helloworld@1.0.1 version:minor: `npm version minor`
14 verbose stack Exit status 1
14 verbose stack     at EventEmitter.<anonymous> (C:\Program Files (x86)\nodejs\node_modules\npm\lib\utils\lifecycle.js:255:16)
14 verbose stack     at emitTwo (events.js:106:13)
14 verbose stack     at EventEmitter.emit (events.js:191:7)
14 verbose stack     at ChildProcess.<anonymous> (C:\Program Files (x86)\nodejs\node_modules\npm\lib\utils\spawn.js:40:14)
14 verbose stack     at emitTwo (events.js:106:13)
14 verbose stack     at ChildProcess.emit (events.js:191:7)
14 verbose stack     at maybeClose (internal/child_process.js:877:16)
14 verbose stack     at Process.ChildProcess._handle.onexit (internal/child_process.js:226:5)
15 verbose pkgid helloworld@1.0.1
16 verbose cwd D:\nodeapp
17 error Windows_NT 10.0.14393
18 error argv "C:\\Program Files (x86)\\nodejs\\node.exe" "C:\\Program Files (x86)\\nodejs\\node_modules\\npm\\bin\\npm-cli.js" "run" "version:minor"
19 error node v6.9.5
20 error npm  v3.10.10
21 error code ELIFECYCLE
22 error helloworld@1.0.1 version:minor: `npm version minor`
22 error Exit status 1
23 error Failed at the helloworld@1.0.1 version:minor script 'npm version minor'.
23 error Make sure you have the latest version of node.js and npm installed.
23 error If you do, this is most likely a problem with the helloworld package,
23 error not with npm itself.
23 error Tell the author that this fails on your system:
23 error     npm version minor
23 error You can get information on how to open an issue for this project with:
23 error     npm bugs helloworld
23 error Or if that isn't available, you can get their info via:
23 error     npm owner ls helloworld
23 error There is likely additional logging output above.
24 verbose exit [ 1, true ]
